c:\users\integro\desktop\project6_배포용\debug\vc142.pdb
c:\users\integro\desktop\project6_배포용\debug\vc142.idb
c:\users\integro\desktop\project6_배포용\debug\practice3_1.obj
c:\users\integro\desktop\project6_배포용\debug\main.obj
c:\users\integro\desktop\project6_배포용\debug\practice3_2.obj
c:\users\integro\desktop\project6_배포용\debug\practice3_3.obj
c:\users\integro\desktop\project6_배포용\debug\practice3_8.obj
c:\users\integro\desktop\project6_배포용\debug\practice3_7.obj
c:\users\integro\desktop\project6_배포용\debug\practice3_6.obj
c:\users\integro\desktop\project6_배포용\debug\practice3_5.obj
c:\users\integro\desktop\project6_배포용\debug\practice3_4.obj
c:\users\integro\desktop\project6_배포용\debug\apps.obj
c:\users\integro\desktop\project6_배포용\debug\project6.exe
c:\users\integro\desktop\project6_배포용\debug\project6.ilk
c:\users\integro\desktop\project6_배포용\debug\project6.pdb
c:\users\integro\desktop\project6_배포용\debug\practice3_6.obj.enc
c:\users\integro\desktop\project6_배포용\debug\project6.tlog\cl.command.1.tlog
c:\users\integro\desktop\project6_배포용\debug\project6.tlog\cl.read.1.tlog
c:\users\integro\desktop\project6_배포용\debug\project6.tlog\cl.write.1.tlog
c:\users\integro\desktop\project6_배포용\debug\project6.tlog\link.command.1.tlog
c:\users\integro\desktop\project6_배포용\debug\project6.tlog\link.read.1.tlog
c:\users\integro\desktop\project6_배포용\debug\project6.tlog\link.write.1.tlog
